<?xml version="1.0" encoding="UTF-8"?>
<!-- Generated by org.testng.reporters.JUnitReportReporter -->
<testsuite skipped="0" hostname="Sunil" name="simple.ExtentReportTest.Driver" tests="1" failures="0" timestamp="31 Jul 2020 16:23:37 GMT" time="7.717" errors="0">
  <testcase name="sample" time="7.717" classname="simple.ExtentReportTest.Driver"/>
</testsuite> <!-- simple.ExtentReportTest.Driver -->
